2024-09-11 17:55:01 [background-preinit] INFO  o.h.validator.internal.util.Version - HV000001: Hibernate Validator 8.0.1.Final
2024-09-11 17:55:01 [main] INFO  c.lbcmmszdntnt.OkrSystemApplication - Starting OkrSystemApplication using Java 21.0.1 with PID 31984 (D:\javawork\OKR-System\target\classes started by 马拉圈 in D:\javawork\OKR-System)
2024-09-11 17:55:01 [main] INFO  c.lbcmmszdntnt.OkrSystemApplication - The following 1 profile is active: "dev"
2024-09-11 17:56:38 [background-preinit] INFO  o.h.validator.internal.util.Version - HV000001: Hibernate Validator 8.0.1.Final
2024-09-11 17:56:38 [main] INFO  c.lbcmmszdntnt.OkrSystemApplication - Starting OkrSystemApplication using Java 21.0.1 with PID 25100 (D:\javawork\OKR-System\target\classes started by 马拉圈 in D:\javawork\OKR-System)
2024-09-11 17:56:38 [main] INFO  c.lbcmmszdntnt.OkrSystemApplication - The following 1 profile is active: "dev"
2024-09-11 18:01:35 [background-preinit] INFO  o.h.validator.internal.util.Version - HV000001: Hibernate Validator 8.0.1.Final
2024-09-11 18:01:35 [main] INFO  c.lbcmmszdntnt.OkrSystemApplication - Starting OkrSystemApplication using Java 21.0.1 with PID 20600 (D:\javawork\OKR-System\target\classes started by 马拉圈 in D:\javawork\OKR-System)
2024-09-11 18:01:35 [main] INFO  c.lbcmmszdntnt.OkrSystemApplication - The following 1 profile is active: "dev"
2024-09-11 18:04:38 [background-preinit] INFO  o.h.validator.internal.util.Version - HV000001: Hibernate Validator 8.0.1.Final
2024-09-11 18:04:38 [main] INFO  c.lbcmmszdntnt.OkrSystemApplication - Starting OkrSystemApplication using Java 21.0.1 with PID 15228 (D:\javawork\OKR-System\target\classes started by 马拉圈 in D:\javawork\OKR-System)
2024-09-11 18:04:38 [main] INFO  c.lbcmmszdntnt.OkrSystemApplication - The following 1 profile is active: "dev"
2024-09-11 18:08:32 [background-preinit] INFO  o.h.validator.internal.util.Version - HV000001: Hibernate Validator 8.0.1.Final
2024-09-11 18:08:32 [main] INFO  c.lbcmmszdntnt.OkrSystemApplication - Starting OkrSystemApplication using Java 21.0.1 with PID 31960 (D:\javawork\OKR-System\target\classes started by 马拉圈 in D:\javawork\OKR-System)
2024-09-11 18:08:32 [main] INFO  c.lbcmmszdntnt.OkrSystemApplication - The following 1 profile is active: "dev"
2024-09-11 18:11:08 [background-preinit] INFO  o.h.validator.internal.util.Version - HV000001: Hibernate Validator 8.0.0.Final
2024-09-11 18:11:08 [main] INFO  c.lbcmmszdntnt.OkrSystemApplication - Starting OkrSystemApplication using Java 21.0.1 with PID 21020 (D:\javawork\OKR-System\target\classes started by 马拉圈 in D:\javawork\OKR-System)
2024-09-11 18:11:08 [main] INFO  c.lbcmmszdntnt.OkrSystemApplication - The following 1 profile is active: "dev"
2024-09-11 18:11:15 [main] INFO  o.a.coyote.http11.Http11NioProtocol - Initializing ProtocolHandler ["http-nio-1701"]
2024-09-11 18:11:15 [main] INFO  o.a.catalina.core.StandardService - Starting service [Tomcat]
2024-09-11 18:11:15 [main] INFO  o.a.catalina.core.StandardEngine - Starting Servlet engine: [Apache Tomcat/10.1.5]
2024-09-11 18:11:15 [main] INFO  o.a.c.c.C.[Tomcat].[localhost].[/] - Initializing Spring embedded WebApplicationContext
2024-09-11 18:11:17 [main] INFO  com.zaxxer.hikari.HikariDataSource - HikariPool-1 - Starting...
2024-09-11 18:11:17 [main] INFO  com.zaxxer.hikari.pool.HikariPool - HikariPool-1 - Added connection com.mysql.cj.jdbc.ConnectionImpl@62f73b0c
2024-09-11 18:11:17 [main] INFO  com.zaxxer.hikari.HikariDataSource - HikariPool-1 - Start completed.
2024-09-11 18:11:17 [main] INFO  com.zaxxer.hikari.HikariDataSource - HikariPool-1 - Shutdown initiated...
2024-09-11 18:11:17 [main] INFO  com.zaxxer.hikari.HikariDataSource - HikariPool-1 - Shutdown completed.
2024-09-11 18:11:17 [main] INFO  o.a.catalina.core.StandardService - Stopping service [Tomcat]
2024-09-11 18:14:00 [background-preinit] INFO  o.h.validator.internal.util.Version - HV000001: Hibernate Validator 8.0.0.Final
2024-09-11 18:14:00 [main] INFO  c.lbcmmszdntnt.OkrSystemApplication - Starting OkrSystemApplication using Java 21.0.1 with PID 26316 (D:\javawork\OKR-System\target\classes started by 马拉圈 in D:\javawork\OKR-System)
2024-09-11 18:14:00 [main] INFO  c.lbcmmszdntnt.OkrSystemApplication - The following 1 profile is active: "dev"
2024-09-11 18:14:05 [main] INFO  o.a.coyote.http11.Http11NioProtocol - Initializing ProtocolHandler ["http-nio-1701"]
2024-09-11 18:14:05 [main] INFO  o.a.catalina.core.StandardService - Starting service [Tomcat]
2024-09-11 18:14:05 [main] INFO  o.a.catalina.core.StandardEngine - Starting Servlet engine: [Apache Tomcat/10.1.7]
2024-09-11 18:14:06 [main] INFO  o.a.c.c.C.[Tomcat].[localhost].[/] - Initializing Spring embedded WebApplicationContext
2024-09-11 18:14:07 [main] INFO  com.zaxxer.hikari.HikariDataSource - HikariPool-1 - Starting...
2024-09-11 18:14:07 [main] INFO  com.zaxxer.hikari.pool.HikariPool - HikariPool-1 - Added connection com.mysql.cj.jdbc.ConnectionImpl@5274acd1
2024-09-11 18:14:07 [main] INFO  com.zaxxer.hikari.HikariDataSource - HikariPool-1 - Start completed.
2024-09-11 18:14:07 [main] INFO  com.zaxxer.hikari.HikariDataSource - HikariPool-1 - Shutdown initiated...
2024-09-11 18:14:07 [main] INFO  com.zaxxer.hikari.HikariDataSource - HikariPool-1 - Shutdown completed.
2024-09-11 18:14:07 [main] INFO  o.a.catalina.core.StandardService - Stopping service [Tomcat]
2024-09-11 18:15:30 [background-preinit] INFO  o.h.validator.internal.util.Version - HV000001: Hibernate Validator 8.0.0.Final
2024-09-11 18:15:30 [main] INFO  c.lbcmmszdntnt.OkrSystemApplication - Starting OkrSystemApplication using Java 21.0.1 with PID 36188 (D:\javawork\OKR-System\target\classes started by 马拉圈 in D:\javawork\OKR-System)
2024-09-11 18:15:30 [main] INFO  c.lbcmmszdntnt.OkrSystemApplication - The following 1 profile is active: "dev"
2024-09-11 18:15:32 [main] INFO  o.a.coyote.http11.Http11NioProtocol - Initializing ProtocolHandler ["http-nio-1701"]
2024-09-11 18:15:32 [main] INFO  o.a.catalina.core.StandardService - Starting service [Tomcat]
2024-09-11 18:15:32 [main] INFO  o.a.catalina.core.StandardEngine - Starting Servlet engine: [Apache Tomcat/10.1.7]
2024-09-11 18:15:32 [main] INFO  o.a.c.c.C.[Tomcat].[localhost].[/] - Initializing Spring embedded WebApplicationContext
2024-09-11 18:15:33 [main] INFO  com.zaxxer.hikari.HikariDataSource - HikariPool-1 - Starting...
2024-09-11 18:15:35 [main] INFO  o.a.catalina.core.StandardService - Stopping service [Tomcat]
2024-09-11 18:15:57 [background-preinit] INFO  o.h.validator.internal.util.Version - HV000001: Hibernate Validator 8.0.0.Final
2024-09-11 18:15:57 [main] INFO  c.lbcmmszdntnt.OkrSystemApplication - Starting OkrSystemApplication using Java 21.0.1 with PID 16004 (D:\javawork\OKR-System\target\classes started by 马拉圈 in D:\javawork\OKR-System)
2024-09-11 18:15:57 [main] INFO  c.lbcmmszdntnt.OkrSystemApplication - The following 1 profile is active: "dev"
2024-09-11 18:15:59 [main] INFO  o.a.coyote.http11.Http11NioProtocol - Initializing ProtocolHandler ["http-nio-1701"]
2024-09-11 18:15:59 [main] INFO  o.a.catalina.core.StandardService - Starting service [Tomcat]
2024-09-11 18:15:59 [main] INFO  o.a.catalina.core.StandardEngine - Starting Servlet engine: [Apache Tomcat/10.1.7]
2024-09-11 18:15:59 [main] INFO  o.a.c.c.C.[Tomcat].[localhost].[/] - Initializing Spring embedded WebApplicationContext
2024-09-11 18:16:00 [main] INFO  com.zaxxer.hikari.HikariDataSource - HikariPool-1 - Starting...
2024-09-11 18:16:00 [main] INFO  com.zaxxer.hikari.pool.HikariPool - HikariPool-1 - Added connection com.mysql.cj.jdbc.ConnectionImpl@52667676
2024-09-11 18:16:00 [main] INFO  com.zaxxer.hikari.HikariDataSource - HikariPool-1 - Start completed.
2024-09-11 18:16:01 [main] INFO  org.redisson.Version - Redisson 3.27.2
2024-09-11 18:16:01 [redisson-netty-4-5] INFO  o.r.connection.ConnectionsHolder - 1 connections initialized for localhost/127.0.0.1:6379
2024-09-11 18:16:01 [redisson-netty-4-20] INFO  o.r.connection.ConnectionsHolder - 24 connections initialized for localhost/127.0.0.1:6379
2024-09-11 18:16:01 [main] INFO  com.zaxxer.hikari.HikariDataSource - HikariPool-1 - Shutdown initiated...
2024-09-11 18:16:01 [main] INFO  com.zaxxer.hikari.HikariDataSource - HikariPool-1 - Shutdown completed.
2024-09-11 18:16:01 [main] INFO  o.a.catalina.core.StandardService - Stopping service [Tomcat]
2024-09-11 18:17:56 [background-preinit] INFO  o.h.validator.internal.util.Version - HV000001: Hibernate Validator 8.0.0.Final
2024-09-11 18:17:56 [main] INFO  c.lbcmmszdntnt.OkrSystemApplication - Starting OkrSystemApplication using Java 21.0.1 with PID 36132 (D:\javawork\OKR-System\target\classes started by 马拉圈 in D:\javawork\OKR-System)
2024-09-11 18:17:56 [main] INFO  c.lbcmmszdntnt.OkrSystemApplication - The following 1 profile is active: "dev"
2024-09-11 18:17:58 [main] INFO  o.a.coyote.http11.Http11NioProtocol - Initializing ProtocolHandler ["http-nio-1701"]
2024-09-11 18:17:58 [main] INFO  o.a.catalina.core.StandardService - Starting service [Tomcat]
2024-09-11 18:17:58 [main] INFO  o.a.catalina.core.StandardEngine - Starting Servlet engine: [Apache Tomcat/10.1.7]
2024-09-11 18:17:58 [main] INFO  o.a.c.c.C.[Tomcat].[localhost].[/] - Initializing Spring embedded WebApplicationContext
2024-09-11 18:18:00 [main] INFO  com.zaxxer.hikari.HikariDataSource - HikariPool-1 - Starting...
2024-09-11 18:18:00 [main] INFO  com.zaxxer.hikari.pool.HikariPool - HikariPool-1 - Added connection com.mysql.cj.jdbc.ConnectionImpl@8a7cd7c
2024-09-11 18:18:00 [main] INFO  com.zaxxer.hikari.HikariDataSource - HikariPool-1 - Start completed.
2024-09-11 18:18:00 [main] INFO  org.redisson.Version - Redisson 3.27.2
2024-09-11 18:18:00 [redisson-netty-4-5] INFO  o.r.connection.ConnectionsHolder - 1 connections initialized for localhost/127.0.0.1:6379
2024-09-11 18:18:00 [redisson-netty-4-20] INFO  o.r.connection.ConnectionsHolder - 24 connections initialized for localhost/127.0.0.1:6379
2024-09-11 18:18:02 [main] INFO  c.x.job.core.executor.XxlJobExecutor - >>>>>>>>>>> xxl-job register jobhandler success, name:initDeadlineJob, jobHandler:com.xxl.job.core.handler.impl.MethodJobHandler@7ae5f795[class cn.lbcmmszdntnt.domain.core.init.DeadlineEventInitializer#initDeadlineJob]
2024-09-11 18:18:02 [main] INFO  c.x.job.core.executor.XxlJobExecutor - >>>>>>>>>>> xxl-job register jobhandler success, name:scheduledQuadrantUpdate2, jobHandler:com.xxl.job.core.handler.impl.MethodJobHandler@3e94a6f6[class cn.lbcmmszdntnt.domain.core.xxljob.XxlDeadlineJobConfig$$SpringCGLIB$$0#scheduledUpdateSecondQuadrant]
2024-09-11 18:18:02 [main] INFO  c.x.job.core.executor.XxlJobExecutor - >>>>>>>>>>> xxl-job register jobhandler success, name:scheduledQuadrantUpdate3, jobHandler:com.xxl.job.core.handler.impl.MethodJobHandler@41ff98dc[class cn.lbcmmszdntnt.domain.core.xxljob.XxlDeadlineJobConfig$$SpringCGLIB$$0#scheduledUpdateThirdQuadrant]
2024-09-11 18:18:02 [main] INFO  c.x.job.core.executor.XxlJobExecutor - >>>>>>>>>>> xxl-job register jobhandler success, name:scheduledComplete, jobHandler:com.xxl.job.core.handler.impl.MethodJobHandler@14738629[class cn.lbcmmszdntnt.domain.core.xxljob.XxlDeadlineJobConfig$$SpringCGLIB$$0#scheduledComplete]
2024-09-11 18:18:02 [main] INFO  c.x.job.core.executor.XxlJobExecutor - >>>>>>>>>>> xxl-job register jobhandler success, name:clearStoppedJob, jobHandler:com.xxl.job.core.handler.impl.MethodJobHandler@eb1d7c8[class cn.lbcmmszdntnt.domain.core.xxljob.XxlDeadlineJobConfig$$SpringCGLIB$$0#clearStoppedJob]
2024-09-11 18:18:02 [main] INFO  c.x.job.core.executor.XxlJobExecutor - >>>>>>>>>>> xxl-job register jobhandler success, name:medalListCacheUpdate, jobHandler:com.xxl.job.core.handler.impl.MethodJobHandler@150963fe[class cn.lbcmmszdntnt.domain.medal.config.properties.MedalList#medalListCacheUpdate]
2024-09-11 18:18:02 [main] INFO  c.x.job.core.executor.XxlJobExecutor - >>>>>>>>>>> xxl-job register jobhandler success, name:medalMapCacheUpdate, jobHandler:com.xxl.job.core.handler.impl.MethodJobHandler@280d20fb[class cn.lbcmmszdntnt.domain.medal.config.properties.MedalMap#medalMapCacheUpdate]
2024-09-11 18:18:02 [main] INFO  c.x.job.core.executor.XxlJobExecutor - >>>>>>>>>>> xxl-job register jobhandler success, name:issueGreatStateMedal, jobHandler:com.xxl.job.core.handler.impl.MethodJobHandler@20c7a91d[class cn.lbcmmszdntnt.domain.medal.init.MedalEventInitializer#issueGreatStateMedal]
2024-09-11 18:18:02 [main] INFO  c.x.job.core.executor.XxlJobExecutor - >>>>>>>>>>> xxl-job register jobhandler success, name:clearLoginQRCodeCache, jobHandler:com.xxl.job.core.handler.impl.MethodJobHandler@2048255a[class cn.lbcmmszdntnt.domain.qrcode.init.QRCodeCacheClearInitializer#clearLoginQRCodeCache]
2024-09-11 18:18:02 [main] INFO  c.x.job.core.executor.XxlJobExecutor - >>>>>>>>>>> xxl-job register jobhandler success, name:clearQRCodeCache, jobHandler:com.xxl.job.core.handler.impl.MethodJobHandler@7e00a43e[class cn.lbcmmszdntnt.domain.qrcode.init.QRCodeCacheClearInitializer#clearQRCodeCache]
2024-09-11 18:18:02 [main] INFO  o.a.coyote.http11.Http11NioProtocol - Starting ProtocolHandler ["http-nio-1701"]
2024-09-11 18:18:02 [main] INFO  c.lbcmmszdntnt.OkrSystemApplication - Started OkrSystemApplication in 6.211 seconds (process running for 7.086)
2024-09-11 18:18:02 [Thread-6] INFO  com.xxl.job.core.server.EmbedServer - >>>>>>>>>>> xxl-job remoting server start success, nettype = class com.xxl.job.core.server.EmbedServer, port = 9999
2024-09-11 18:18:02 [Thread-6] INFO  com.xxl.job.core.server.EmbedServer - >>>>>>>>>>> xxl-job remoting server stop.
2024-09-11 18:18:02 [xxl-job, executor ExecutorRegistryThread] INFO  c.x.j.c.t.ExecutorRegistryThread - >>>>>>>>>>> xxl-job registry-remove success, registryParam:RegistryParam{registryGroup='EXECUTOR', registryKey='xxl-job-executor-sample', registryValue='http://127.0.0.1:9999/'}, registryResult:ReturnT [code=200, msg=null, content=null]
2024-09-11 18:18:02 [xxl-job, executor ExecutorRegistryThread] INFO  c.x.j.c.t.ExecutorRegistryThread - >>>>>>>>>>> xxl-job, executor registry thread destory.
2024-09-11 18:18:02 [main] INFO  com.xxl.job.core.server.EmbedServer - >>>>>>>>>>> xxl-job remoting server destroy success.
2024-09-11 18:18:02 [xxl-job, executor JobLogFileCleanThread] INFO  c.x.j.c.thread.JobLogFileCleanThread - >>>>>>>>>>> xxl-job, executor JobLogFileCleanThread thread destory.
2024-09-11 18:18:02 [xxl-job, executor TriggerCallbackThread] INFO  c.x.j.c.thread.TriggerCallbackThread - >>>>>>>>>>> xxl-job, executor callback thread destory.
2024-09-11 18:18:02 [Thread-5] INFO  c.x.j.c.thread.TriggerCallbackThread - >>>>>>>>>>> xxl-job, executor retry callback thread destory.
2024-09-11 18:18:02 [main] INFO  com.zaxxer.hikari.HikariDataSource - HikariPool-1 - Shutdown initiated...
2024-09-11 18:18:02 [main] INFO  com.zaxxer.hikari.HikariDataSource - HikariPool-1 - Shutdown completed.
2024-09-11 18:20:11 [background-preinit] INFO  o.h.validator.internal.util.Version - HV000001: Hibernate Validator 8.0.0.Final
2024-09-11 18:20:11 [main] INFO  c.lbcmmszdntnt.OkrSystemApplication - Starting OkrSystemApplication using Java 21.0.1 with PID 28148 (D:\javawork\OKR-System\target\classes started by 马拉圈 in D:\javawork\OKR-System)
2024-09-11 18:20:11 [main] INFO  c.lbcmmszdntnt.OkrSystemApplication - The following 1 profile is active: "dev"
2024-09-11 18:20:13 [main] INFO  o.a.coyote.http11.Http11NioProtocol - Initializing ProtocolHandler ["http-nio-1701"]
2024-09-11 18:20:13 [main] INFO  o.a.catalina.core.StandardService - Starting service [Tomcat]
2024-09-11 18:20:13 [main] INFO  o.a.catalina.core.StandardEngine - Starting Servlet engine: [Apache Tomcat/10.1.7]
2024-09-11 18:20:13 [main] INFO  o.a.c.c.C.[Tomcat].[localhost].[/] - Initializing Spring embedded WebApplicationContext
2024-09-11 18:20:14 [main] INFO  com.zaxxer.hikari.HikariDataSource - HikariPool-1 - Starting...
2024-09-11 18:20:14 [main] INFO  com.zaxxer.hikari.pool.HikariPool - HikariPool-1 - Added connection com.mysql.cj.jdbc.ConnectionImpl@21f0cc97
2024-09-11 18:20:14 [main] INFO  com.zaxxer.hikari.HikariDataSource - HikariPool-1 - Start completed.
2024-09-11 18:20:14 [main] INFO  org.redisson.Version - Redisson 3.27.2
2024-09-11 18:20:15 [redisson-netty-4-5] INFO  o.r.connection.ConnectionsHolder - 1 connections initialized for localhost/127.0.0.1:6379
2024-09-11 18:20:15 [redisson-netty-4-20] INFO  o.r.connection.ConnectionsHolder - 24 connections initialized for localhost/127.0.0.1:6379
2024-09-11 18:20:16 [main] INFO  c.x.job.core.executor.XxlJobExecutor - >>>>>>>>>>> xxl-job register jobhandler success, name:initDeadlineJob, jobHandler:com.xxl.job.core.handler.impl.MethodJobHandler@14738629[class cn.lbcmmszdntnt.domain.core.init.DeadlineEventInitializer#initDeadlineJob]
2024-09-11 18:20:16 [main] INFO  c.x.job.core.executor.XxlJobExecutor - >>>>>>>>>>> xxl-job register jobhandler success, name:clearStoppedJob, jobHandler:com.xxl.job.core.handler.impl.MethodJobHandler@150963fe[class cn.lbcmmszdntnt.domain.core.xxljob.XxlDeadlineJobConfig$$SpringCGLIB$$0#clearStoppedJob]
2024-09-11 18:20:16 [main] INFO  c.x.job.core.executor.XxlJobExecutor - >>>>>>>>>>> xxl-job register jobhandler success, name:scheduledComplete, jobHandler:com.xxl.job.core.handler.impl.MethodJobHandler@280d20fb[class cn.lbcmmszdntnt.domain.core.xxljob.XxlDeadlineJobConfig$$SpringCGLIB$$0#scheduledComplete]
2024-09-11 18:20:16 [main] INFO  c.x.job.core.executor.XxlJobExecutor - >>>>>>>>>>> xxl-job register jobhandler success, name:scheduledQuadrantUpdate2, jobHandler:com.xxl.job.core.handler.impl.MethodJobHandler@20c7a91d[class cn.lbcmmszdntnt.domain.core.xxljob.XxlDeadlineJobConfig$$SpringCGLIB$$0#scheduledUpdateSecondQuadrant]
2024-09-11 18:20:16 [main] INFO  c.x.job.core.executor.XxlJobExecutor - >>>>>>>>>>> xxl-job register jobhandler success, name:scheduledQuadrantUpdate3, jobHandler:com.xxl.job.core.handler.impl.MethodJobHandler@2048255a[class cn.lbcmmszdntnt.domain.core.xxljob.XxlDeadlineJobConfig$$SpringCGLIB$$0#scheduledUpdateThirdQuadrant]
2024-09-11 18:20:16 [main] INFO  c.x.job.core.executor.XxlJobExecutor - >>>>>>>>>>> xxl-job register jobhandler success, name:medalListCacheUpdate, jobHandler:com.xxl.job.core.handler.impl.MethodJobHandler@7e00a43e[class cn.lbcmmszdntnt.domain.medal.config.properties.MedalList#medalListCacheUpdate]
2024-09-11 18:20:16 [main] INFO  c.x.job.core.executor.XxlJobExecutor - >>>>>>>>>>> xxl-job register jobhandler success, name:medalMapCacheUpdate, jobHandler:com.xxl.job.core.handler.impl.MethodJobHandler@3f4b59fd[class cn.lbcmmszdntnt.domain.medal.config.properties.MedalMap#medalMapCacheUpdate]
2024-09-11 18:20:16 [main] INFO  c.x.job.core.executor.XxlJobExecutor - >>>>>>>>>>> xxl-job register jobhandler success, name:issueGreatStateMedal, jobHandler:com.xxl.job.core.handler.impl.MethodJobHandler@22599048[class cn.lbcmmszdntnt.domain.medal.init.MedalEventInitializer#issueGreatStateMedal]
2024-09-11 18:20:16 [main] INFO  c.x.job.core.executor.XxlJobExecutor - >>>>>>>>>>> xxl-job register jobhandler success, name:clearQRCodeCache, jobHandler:com.xxl.job.core.handler.impl.MethodJobHandler@435a13ac[class cn.lbcmmszdntnt.domain.qrcode.init.QRCodeCacheClearInitializer#clearQRCodeCache]
2024-09-11 18:20:16 [main] INFO  c.x.job.core.executor.XxlJobExecutor - >>>>>>>>>>> xxl-job register jobhandler success, name:clearLoginQRCodeCache, jobHandler:com.xxl.job.core.handler.impl.MethodJobHandler@38007ead[class cn.lbcmmszdntnt.domain.qrcode.init.QRCodeCacheClearInitializer#clearLoginQRCodeCache]
2024-09-11 18:20:16 [main] INFO  o.a.coyote.http11.Http11NioProtocol - Starting ProtocolHandler ["http-nio-1701"]
2024-09-11 18:20:16 [main] INFO  c.lbcmmszdntnt.OkrSystemApplication - Started OkrSystemApplication in 6.187 seconds (process running for 7.116)
2024-09-11 18:20:16 [Thread-6] INFO  com.xxl.job.core.server.EmbedServer - >>>>>>>>>>> xxl-job remoting server start success, nettype = class com.xxl.job.core.server.EmbedServer, port = 9999
2024-09-11 18:20:17 [main] INFO  c.l.x.s.impl.JobInfoServiceImpl - 删除任务 [1070]
2024-09-11 18:20:17 [main] INFO  c.l.util.thread.pool.CPUThreadPool - 启动 1 个线程，每个线程处理 30 个任务
2024-09-11 18:20:17 [OKR-System-Thread-CPU1] INFO  c.l.util.thread.pool.CPUThreadPool - 分段操作 [0, 1)
2024-09-11 18:20:17 [main] INFO  c.l.util.thread.pool.CPUThreadPool - 分段批量操作执行完毕
2024-09-11 18:20:17 [main] INFO  c.l.x.s.impl.JobInfoServiceImpl - 删除任务 [1071]
2024-09-11 18:20:17 [main] INFO  c.l.util.thread.pool.CPUThreadPool - 启动 1 个线程，每个线程处理 30 个任务
2024-09-11 18:20:17 [OKR-System-Thread-CPU2] INFO  c.l.util.thread.pool.CPUThreadPool - 分段操作 [0, 1)
2024-09-11 18:20:17 [main] INFO  c.l.util.thread.pool.CPUThreadPool - 分段批量操作执行完毕
2024-09-11 18:20:17 [main] INFO  c.l.x.s.impl.JobInfoServiceImpl - 删除任务 []
2024-09-11 18:20:17 [main] INFO  c.l.util.thread.pool.CPUThreadPool - 启动 1 个线程，每个线程处理 30 个任务
2024-09-11 18:20:17 [OKR-System-Thread-CPU3] INFO  c.l.util.thread.pool.CPUThreadPool - 分段操作 [0, 25)
2024-09-11 18:20:17 [OKR-System-Thread-CPU3] INFO  c.l.d.c.h.e.FirstQuadrantDeadlineEventHandler - 处理事件：内核 ID 1，第一象限截止时间 null
2024-09-11 18:20:17 [OKR-System-Thread-CPU3] INFO  c.l.d.c.h.e.SecondQuadrantDeadlineEventHandler - 处理事件：内核 ID 1，第二象限 ID 1，第二象限截止时间 null，第二象限周期 null
2024-09-11 18:20:17 [OKR-System-Thread-CPU3] INFO  c.l.d.c.h.e.ThirdQuadrantDeadlineEventHandler - 处理事件：内核 ID 1，第三象限 ID 1，第三象限截止时间 null，第三象限周期 null
2024-09-11 18:20:17 [OKR-System-Thread-CPU3] INFO  c.l.d.c.h.e.FirstQuadrantDeadlineEventHandler - 处理事件：内核 ID 2，第一象限截止时间 null
2024-09-11 18:20:17 [OKR-System-Thread-CPU3] INFO  c.l.d.c.h.e.SecondQuadrantDeadlineEventHandler - 处理事件：内核 ID 2，第二象限 ID 2，第二象限截止时间 null，第二象限周期 null
2024-09-11 18:20:17 [OKR-System-Thread-CPU3] INFO  c.l.d.c.h.e.ThirdQuadrantDeadlineEventHandler - 处理事件：内核 ID 2，第三象限 ID 2，第三象限截止时间 null，第三象限周期 null
2024-09-11 18:20:17 [OKR-System-Thread-CPU3] INFO  c.l.d.c.h.e.FirstQuadrantDeadlineEventHandler - 处理事件：内核 ID 3，第一象限截止时间 null
2024-09-11 18:20:17 [OKR-System-Thread-CPU3] INFO  c.l.d.c.h.e.SecondQuadrantDeadlineEventHandler - 处理事件：内核 ID 3，第二象限 ID 3，第二象限截止时间 null，第二象限周期 null
2024-09-11 18:20:17 [OKR-System-Thread-CPU3] INFO  c.l.d.c.h.e.ThirdQuadrantDeadlineEventHandler - 处理事件：内核 ID 3，第三象限 ID 3，第三象限截止时间 null，第三象限周期 null
2024-09-11 18:20:17 [OKR-System-Thread-CPU3] INFO  c.l.d.c.h.e.FirstQuadrantDeadlineEventHandler - 处理事件：内核 ID 4，第一象限截止时间 null
2024-09-11 18:20:17 [OKR-System-Thread-CPU3] INFO  c.l.d.c.h.e.SecondQuadrantDeadlineEventHandler - 处理事件：内核 ID 4，第二象限 ID 4，第二象限截止时间 null，第二象限周期 null
2024-09-11 18:20:17 [OKR-System-Thread-CPU3] INFO  c.l.d.c.h.e.ThirdQuadrantDeadlineEventHandler - 处理事件：内核 ID 4，第三象限 ID 4，第三象限截止时间 null，第三象限周期 null
2024-09-11 18:20:17 [OKR-System-Thread-CPU3] INFO  c.l.d.c.h.e.FirstQuadrantDeadlineEventHandler - 处理事件：内核 ID 14，第一象限截止时间 null
2024-09-11 18:20:17 [OKR-System-Thread-CPU3] INFO  c.l.d.c.h.e.SecondQuadrantDeadlineEventHandler - 处理事件：内核 ID 14，第二象限 ID 14，第二象限截止时间 null，第二象限周期 null
2024-09-11 18:20:17 [OKR-System-Thread-CPU3] INFO  c.l.d.c.h.e.ThirdQuadrantDeadlineEventHandler - 处理事件：内核 ID 14，第三象限 ID 14，第三象限截止时间 null，第三象限周期 null
2024-09-11 18:20:17 [OKR-System-Thread-CPU3] INFO  c.l.d.c.h.e.FirstQuadrantDeadlineEventHandler - 处理事件：内核 ID 15，第一象限截止时间 null
2024-09-11 18:20:17 [OKR-System-Thread-CPU3] INFO  c.l.d.c.h.e.SecondQuadrantDeadlineEventHandler - 处理事件：内核 ID 15，第二象限 ID 15，第二象限截止时间 null，第二象限周期 null
2024-09-11 18:20:17 [OKR-System-Thread-CPU3] INFO  c.l.d.c.h.e.ThirdQuadrantDeadlineEventHandler - 处理事件：内核 ID 15，第三象限 ID 15，第三象限截止时间 null，第三象限周期 null
2024-09-11 18:20:17 [OKR-System-Thread-CPU3] INFO  c.l.d.c.h.e.FirstQuadrantDeadlineEventHandler - 处理事件：内核 ID 16，第一象限截止时间 null
2024-09-11 18:20:17 [OKR-System-Thread-CPU3] INFO  c.l.d.c.h.e.SecondQuadrantDeadlineEventHandler - 处理事件：内核 ID 16，第二象限 ID 16，第二象限截止时间 null，第二象限周期 null
2024-09-11 18:20:17 [OKR-System-Thread-CPU3] INFO  c.l.d.c.h.e.ThirdQuadrantDeadlineEventHandler - 处理事件：内核 ID 16，第三象限 ID 16，第三象限截止时间 null，第三象限周期 null
2024-09-11 18:20:17 [OKR-System-Thread-CPU3] INFO  c.l.d.c.h.e.FirstQuadrantDeadlineEventHandler - 处理事件：内核 ID 17，第一象限截止时间 null
2024-09-11 18:20:17 [OKR-System-Thread-CPU3] INFO  c.l.d.c.h.e.SecondQuadrantDeadlineEventHandler - 处理事件：内核 ID 17，第二象限 ID 17，第二象限截止时间 null，第二象限周期 null
2024-09-11 18:20:17 [OKR-System-Thread-CPU3] INFO  c.l.d.c.h.e.ThirdQuadrantDeadlineEventHandler - 处理事件：内核 ID 17，第三象限 ID 17，第三象限截止时间 null，第三象限周期 null
2024-09-11 18:20:17 [OKR-System-Thread-CPU3] INFO  c.l.d.c.h.e.FirstQuadrantDeadlineEventHandler - 处理事件：内核 ID 20，第一象限截止时间 null
2024-09-11 18:20:17 [OKR-System-Thread-CPU3] INFO  c.l.d.c.h.e.SecondQuadrantDeadlineEventHandler - 处理事件：内核 ID 20，第二象限 ID 20，第二象限截止时间 null，第二象限周期 null
2024-09-11 18:20:17 [OKR-System-Thread-CPU3] INFO  c.l.d.c.h.e.ThirdQuadrantDeadlineEventHandler - 处理事件：内核 ID 20，第三象限 ID 20，第三象限截止时间 null，第三象限周期 null
2024-09-11 18:20:17 [OKR-System-Thread-CPU3] INFO  c.l.d.c.h.e.FirstQuadrantDeadlineEventHandler - 处理事件：内核 ID 21，第一象限截止时间 null
2024-09-11 18:20:17 [OKR-System-Thread-CPU3] INFO  c.l.d.c.h.e.SecondQuadrantDeadlineEventHandler - 处理事件：内核 ID 21，第二象限 ID 21，第二象限截止时间 null，第二象限周期 null
2024-09-11 18:20:17 [OKR-System-Thread-CPU3] INFO  c.l.d.c.h.e.ThirdQuadrantDeadlineEventHandler - 处理事件：内核 ID 21，第三象限 ID 21，第三象限截止时间 null，第三象限周期 null
2024-09-11 18:20:17 [OKR-System-Thread-CPU3] INFO  c.l.d.c.h.e.FirstQuadrantDeadlineEventHandler - 处理事件：内核 ID 27，第一象限截止时间 null
2024-09-11 18:20:17 [OKR-System-Thread-CPU3] INFO  c.l.d.c.h.e.SecondQuadrantDeadlineEventHandler - 处理事件：内核 ID 27，第二象限 ID 27，第二象限截止时间 null，第二象限周期 null
2024-09-11 18:20:17 [OKR-System-Thread-CPU3] INFO  c.l.d.c.h.e.ThirdQuadrantDeadlineEventHandler - 处理事件：内核 ID 27，第三象限 ID 27，第三象限截止时间 null，第三象限周期 null
2024-09-11 18:20:17 [OKR-System-Thread-CPU3] INFO  c.l.d.c.h.e.FirstQuadrantDeadlineEventHandler - 处理事件：内核 ID 29，第一象限截止时间 null
2024-09-11 18:20:17 [OKR-System-Thread-CPU3] INFO  c.l.d.c.h.e.SecondQuadrantDeadlineEventHandler - 处理事件：内核 ID 29，第二象限 ID 29，第二象限截止时间 null，第二象限周期 null
2024-09-11 18:20:17 [OKR-System-Thread-CPU3] INFO  c.l.d.c.h.e.ThirdQuadrantDeadlineEventHandler - 处理事件：内核 ID 29，第三象限 ID 29，第三象限截止时间 null，第三象限周期 null
2024-09-11 18:20:17 [OKR-System-Thread-CPU3] INFO  c.l.d.c.h.e.FirstQuadrantDeadlineEventHandler - 处理事件：内核 ID 35，第一象限截止时间 null
2024-09-11 18:20:17 [OKR-System-Thread-CPU3] INFO  c.l.d.c.h.e.SecondQuadrantDeadlineEventHandler - 处理事件：内核 ID 35，第二象限 ID 35，第二象限截止时间 null，第二象限周期 null
2024-09-11 18:20:17 [OKR-System-Thread-CPU3] INFO  c.l.d.c.h.e.ThirdQuadrantDeadlineEventHandler - 处理事件：内核 ID 35，第三象限 ID 35，第三象限截止时间 null，第三象限周期 null
2024-09-11 18:20:17 [OKR-System-Thread-CPU3] INFO  c.l.d.c.h.e.FirstQuadrantDeadlineEventHandler - 处理事件：内核 ID 38，第一象限截止时间 null
2024-09-11 18:20:17 [OKR-System-Thread-CPU3] INFO  c.l.d.c.h.e.SecondQuadrantDeadlineEventHandler - 处理事件：内核 ID 38，第二象限 ID 38，第二象限截止时间 null，第二象限周期 null
2024-09-11 18:20:17 [OKR-System-Thread-CPU3] INFO  c.l.d.c.h.e.ThirdQuadrantDeadlineEventHandler - 处理事件：内核 ID 38，第三象限 ID 38，第三象限截止时间 null，第三象限周期 null
2024-09-11 18:20:17 [OKR-System-Thread-CPU3] INFO  c.l.d.c.h.e.FirstQuadrantDeadlineEventHandler - 处理事件：内核 ID 40，第一象限截止时间 null
2024-09-11 18:20:17 [OKR-System-Thread-CPU3] INFO  c.l.d.c.h.e.SecondQuadrantDeadlineEventHandler - 处理事件：内核 ID 40，第二象限 ID 40，第二象限截止时间 null，第二象限周期 null
2024-09-11 18:20:17 [OKR-System-Thread-CPU3] INFO  c.l.d.c.h.e.ThirdQuadrantDeadlineEventHandler - 处理事件：内核 ID 40，第三象限 ID 40，第三象限截止时间 null，第三象限周期 null
2024-09-11 18:20:17 [OKR-System-Thread-CPU3] INFO  c.l.d.c.h.e.FirstQuadrantDeadlineEventHandler - 处理事件：内核 ID 42，第一象限截止时间 null
2024-09-11 18:20:17 [OKR-System-Thread-CPU3] INFO  c.l.d.c.h.e.SecondQuadrantDeadlineEventHandler - 处理事件：内核 ID 42，第二象限 ID 42，第二象限截止时间 null，第二象限周期 null
2024-09-11 18:20:17 [OKR-System-Thread-CPU3] INFO  c.l.d.c.h.e.ThirdQuadrantDeadlineEventHandler - 处理事件：内核 ID 42，第三象限 ID 42，第三象限截止时间 null，第三象限周期 null
2024-09-11 18:20:17 [OKR-System-Thread-CPU3] INFO  c.l.d.c.h.e.FirstQuadrantDeadlineEventHandler - 处理事件：内核 ID 44，第一象限截止时间 null
2024-09-11 18:20:17 [OKR-System-Thread-CPU3] INFO  c.l.d.c.h.e.SecondQuadrantDeadlineEventHandler - 处理事件：内核 ID 44，第二象限 ID 44，第二象限截止时间 null，第二象限周期 null
2024-09-11 18:20:17 [OKR-System-Thread-CPU3] INFO  c.l.d.c.h.e.ThirdQuadrantDeadlineEventHandler - 处理事件：内核 ID 44，第三象限 ID 44，第三象限截止时间 null，第三象限周期 null
2024-09-11 18:20:17 [OKR-System-Thread-CPU3] INFO  c.l.d.c.h.e.FirstQuadrantDeadlineEventHandler - 处理事件：内核 ID 46，第一象限截止时间 null
2024-09-11 18:20:17 [OKR-System-Thread-CPU3] INFO  c.l.d.c.h.e.SecondQuadrantDeadlineEventHandler - 处理事件：内核 ID 46，第二象限 ID 46，第二象限截止时间 null，第二象限周期 null
2024-09-11 18:20:17 [OKR-System-Thread-CPU3] INFO  c.l.d.c.h.e.ThirdQuadrantDeadlineEventHandler - 处理事件：内核 ID 46，第三象限 ID 46，第三象限截止时间 null，第三象限周期 null
2024-09-11 18:20:17 [OKR-System-Thread-CPU3] INFO  c.l.d.c.h.e.FirstQuadrantDeadlineEventHandler - 处理事件：内核 ID 48，第一象限截止时间 null
2024-09-11 18:20:17 [OKR-System-Thread-CPU3] INFO  c.l.d.c.h.e.SecondQuadrantDeadlineEventHandler - 处理事件：内核 ID 48，第二象限 ID 48，第二象限截止时间 null，第二象限周期 null
2024-09-11 18:20:17 [OKR-System-Thread-CPU3] INFO  c.l.d.c.h.e.ThirdQuadrantDeadlineEventHandler - 处理事件：内核 ID 48，第三象限 ID 48，第三象限截止时间 null，第三象限周期 null
2024-09-11 18:20:17 [OKR-System-Thread-CPU3] INFO  c.l.d.c.h.e.FirstQuadrantDeadlineEventHandler - 处理事件：内核 ID 49，第一象限截止时间 Mon Dec 22 14:00:00 CST 2025
2024-09-11 18:20:17 [OKR-System-Thread-CPU3] INFO  c.l.r.strategy.SimpleLockStrategy - 普通锁 RLock xxlJobGroupLock:xxl-job-executor-sample:Lbcmmszdn
2024-09-11 18:20:17 [OKR-System-Thread-CPU3] INFO  cn.lbcmmszdntnt.redis.RedisLock - 尝试获取锁 xxlJobGroupLock:xxl-job-executor-sample:Lbcmmszdn, wait 10 SECONDS, timeout 10 SECONDS
2024-09-11 18:20:17 [OKR-System-Thread-CPU3] INFO  cn.lbcmmszdntnt.redis.RedisLock - 尝试获取锁 xxlJobGroupLock:xxl-job-executor-sample:Lbcmmszdn 成功
2024-09-11 18:20:17 [OKR-System-Thread-CPU3] INFO  cn.lbcmmszdntnt.redis.RedisCache - 查询 Redis	[xxlJobGroup:xxl-job-executor-sample:Lbcmmszdn]-[null]
2024-09-11 18:20:17 [OKR-System-Thread-CPU3] INFO  cn.lbcmmszdntnt.redis.RedisCache - 存入 Redis	[xxlJobGroup:xxl-job-executor-sample:Lbcmmszdn]-[true]，超时时间:[1  DAYS]
2024-09-11 18:20:17 [OKR-System-Thread-CPU3] INFO  cn.lbcmmszdntnt.redis.RedisLock - 释放锁 xxlJobGroupLock:xxl-job-executor-sample:Lbcmmszdn
2024-09-11 18:20:17 [OKR-System-Thread-CPU3] INFO  c.l.d.c.h.e.SecondQuadrantDeadlineEventHandler - 处理事件：内核 ID 49，第二象限 ID 49，第二象限截止时间 null，第二象限周期 null
2024-09-11 18:20:17 [OKR-System-Thread-CPU3] INFO  c.l.d.c.h.e.ThirdQuadrantDeadlineEventHandler - 处理事件：内核 ID 49，第三象限 ID 49，第三象限截止时间 null，第三象限周期 null
2024-09-11 18:20:17 [OKR-System-Thread-CPU3] INFO  c.l.d.c.h.e.FirstQuadrantDeadlineEventHandler - 处理事件：内核 ID 50，第一象限截止时间 null
2024-09-11 18:20:17 [OKR-System-Thread-CPU3] INFO  c.l.d.c.h.e.SecondQuadrantDeadlineEventHandler - 处理事件：内核 ID 50，第二象限 ID 50，第二象限截止时间 null，第二象限周期 null
2024-09-11 18:20:17 [OKR-System-Thread-CPU3] INFO  c.l.d.c.h.e.ThirdQuadrantDeadlineEventHandler - 处理事件：内核 ID 50，第三象限 ID 50，第三象限截止时间 null，第三象限周期 null
2024-09-11 18:20:17 [OKR-System-Thread-CPU3] INFO  c.l.d.c.h.e.FirstQuadrantDeadlineEventHandler - 处理事件：内核 ID 52，第一象限截止时间 null
2024-09-11 18:20:17 [OKR-System-Thread-CPU3] INFO  c.l.d.c.h.e.SecondQuadrantDeadlineEventHandler - 处理事件：内核 ID 52，第二象限 ID 52，第二象限截止时间 Wed Mar 22 21:33:09 CST 2028，第二象限周期 123456789
2024-09-11 18:20:17 [OKR-System-Thread-CPU3] INFO  c.l.r.strategy.SimpleLockStrategy - 普通锁 RLock xxlJobGroupLock:xxl-job-executor-sample:Lbcmmszdn
2024-09-11 18:20:17 [OKR-System-Thread-CPU3] INFO  cn.lbcmmszdntnt.redis.RedisLock - 尝试获取锁 xxlJobGroupLock:xxl-job-executor-sample:Lbcmmszdn, wait 10 SECONDS, timeout 10 SECONDS
2024-09-11 18:20:17 [OKR-System-Thread-CPU3] INFO  cn.lbcmmszdntnt.redis.RedisLock - 尝试获取锁 xxlJobGroupLock:xxl-job-executor-sample:Lbcmmszdn 成功
2024-09-11 18:20:17 [OKR-System-Thread-CPU3] INFO  cn.lbcmmszdntnt.redis.RedisCache - 查询 Redis	[xxlJobGroup:xxl-job-executor-sample:Lbcmmszdn]-[true]
2024-09-11 18:20:17 [OKR-System-Thread-CPU3] INFO  cn.lbcmmszdntnt.redis.RedisLock - 释放锁 xxlJobGroupLock:xxl-job-executor-sample:Lbcmmszdn
2024-09-11 18:20:17 [OKR-System-Thread-CPU3] INFO  c.l.d.c.h.e.ThirdQuadrantDeadlineEventHandler - 处理事件：内核 ID 52，第三象限 ID 52，第三象限截止时间 null，第三象限周期 null
2024-09-11 18:20:17 [OKR-System-Thread-CPU3] INFO  c.l.d.c.h.e.FirstQuadrantDeadlineEventHandler - 处理事件：内核 ID 54，第一象限截止时间 null
2024-09-11 18:20:17 [OKR-System-Thread-CPU3] INFO  c.l.d.c.h.e.SecondQuadrantDeadlineEventHandler - 处理事件：内核 ID 54，第二象限 ID 54，第二象限截止时间 null，第二象限周期 null
2024-09-11 18:20:17 [OKR-System-Thread-CPU3] INFO  c.l.d.c.h.e.ThirdQuadrantDeadlineEventHandler - 处理事件：内核 ID 54，第三象限 ID 54，第三象限截止时间 null，第三象限周期 null
2024-09-11 18:20:17 [OKR-System-Thread-CPU3] INFO  c.l.d.c.h.e.FirstQuadrantDeadlineEventHandler - 处理事件：内核 ID 55，第一象限截止时间 null
2024-09-11 18:20:17 [OKR-System-Thread-CPU3] INFO  c.l.d.c.h.e.SecondQuadrantDeadlineEventHandler - 处理事件：内核 ID 55，第二象限 ID 55，第二象限截止时间 null，第二象限周期 null
2024-09-11 18:20:17 [OKR-System-Thread-CPU3] INFO  c.l.d.c.h.e.ThirdQuadrantDeadlineEventHandler - 处理事件：内核 ID 55，第三象限 ID 55，第三象限截止时间 null，第三象限周期 null
2024-09-11 18:20:17 [OKR-System-Thread-CPU3] INFO  c.l.d.c.h.e.FirstQuadrantDeadlineEventHandler - 处理事件：内核 ID 56，第一象限截止时间 null
2024-09-11 18:20:17 [OKR-System-Thread-CPU3] INFO  c.l.d.c.h.e.SecondQuadrantDeadlineEventHandler - 处理事件：内核 ID 56，第二象限 ID 56，第二象限截止时间 null，第二象限周期 null
2024-09-11 18:20:17 [OKR-System-Thread-CPU3] INFO  c.l.d.c.h.e.ThirdQuadrantDeadlineEventHandler - 处理事件：内核 ID 56，第三象限 ID 56，第三象限截止时间 null，第三象限周期 null
2024-09-11 18:20:17 [main] INFO  c.l.util.thread.pool.CPUThreadPool - 分段批量操作执行完毕
2024-09-11 18:20:17 [http-nio-1701-exec-1] INFO  o.a.c.c.C.[Tomcat].[localhost].[/] - Initializing Spring DispatcherServlet 'dispatcherServlet'
2024-09-11 18:20:17 [http-nio-1701-exec-1] INFO  c.l.u.t.local.ThreadLocalMapUtil - http-nio-1701-exec-1 设置本地线程资源 [exceptionMessage.用户登录凭据无效]
2024-09-11 18:20:18 [http-nio-1701-exec-1] INFO  o.s.api.AbstractOpenApiResource - Init duration for springdoc-openapi is: 638 ms
2024-09-11 18:20:18 [main] INFO  c.l.r.strategy.SimpleLockStrategy - 普通锁 RLock xxlJobGroupLock:xxl-job-executor-sample:Lbcmmszdn
2024-09-11 18:20:18 [main] INFO  cn.lbcmmszdntnt.redis.RedisLock - 尝试获取锁 xxlJobGroupLock:xxl-job-executor-sample:Lbcmmszdn, wait 10 SECONDS, timeout 10 SECONDS
2024-09-11 18:20:18 [main] INFO  cn.lbcmmszdntnt.redis.RedisLock - 尝试获取锁 xxlJobGroupLock:xxl-job-executor-sample:Lbcmmszdn 成功
2024-09-11 18:20:18 [main] INFO  cn.lbcmmszdntnt.redis.RedisCache - 查询 Redis	[xxlJobGroup:xxl-job-executor-sample:Lbcmmszdn]-[true]
2024-09-11 18:20:18 [main] INFO  cn.lbcmmszdntnt.redis.RedisLock - 释放锁 xxlJobGroupLock:xxl-job-executor-sample:Lbcmmszdn
2024-09-11 18:20:18 [main] INFO  c.l.r.strategy.SimpleLockStrategy - 普通锁 RLock xxlJobGroupLock:xxl-job-executor-sample:Lbcmmszdn
2024-09-11 18:20:18 [main] INFO  cn.lbcmmszdntnt.redis.RedisLock - 尝试获取锁 xxlJobGroupLock:xxl-job-executor-sample:Lbcmmszdn, wait 10 SECONDS, timeout 10 SECONDS
2024-09-11 18:20:18 [main] INFO  cn.lbcmmszdntnt.redis.RedisLock - 尝试获取锁 xxlJobGroupLock:xxl-job-executor-sample:Lbcmmszdn 成功
2024-09-11 18:20:18 [main] INFO  cn.lbcmmszdntnt.redis.RedisCache - 查询 Redis	[xxlJobGroup:xxl-job-executor-sample:Lbcmmszdn]-[true]
2024-09-11 18:20:18 [main] INFO  cn.lbcmmszdntnt.redis.RedisLock - 释放锁 xxlJobGroupLock:xxl-job-executor-sample:Lbcmmszdn
2024-09-11 18:23:20 [http-nio-1701-exec-3] INFO  c.l.u.t.local.ThreadLocalMapUtil - http-nio-1701-exec-3 设置本地线程资源 [exceptionMessage.用户登录凭据无效]
2024-09-11 18:23:20 [http-nio-1701-exec-3] INFO  c.l.r.strategy.SimpleLockStrategy - 普通锁 RLock okrCommonQRCodeLock
2024-09-11 18:23:20 [http-nio-1701-exec-3] INFO  cn.lbcmmszdntnt.redis.RedisLock - 尝试获取锁 okrCommonQRCodeLock, wait 10 SECONDS, timeout 10 SECONDS
2024-09-11 18:23:20 [http-nio-1701-exec-3] INFO  cn.lbcmmszdntnt.redis.RedisLock - 尝试获取锁 okrCommonQRCodeLock 成功
2024-09-11 18:23:20 [http-nio-1701-exec-3] INFO  cn.lbcmmszdntnt.redis.RedisCache - 查询 Redis	[wxCommonQRCodeKey]-[null]
2024-09-11 18:23:21 [http-nio-1701-exec-3] INFO  c.l.domain.qrcode.util.QRCodeUtil - 请求微信（json） -> {"check_path":false,"is_hyaline":false,"width":500,"auto_color":false,"env_version":"release","line_color":{"r":20,"g":133,"b":238},"scene":"you=nice"}
2024-09-11 18:23:21 [http-nio-1701-exec-3] INFO  c.lbcmmszdntnt.util.media.MediaUtil - 图片保存成功 D:/media/common/d61566bc53e84329950523e53af53f1e.png
2024-09-11 18:23:22 [http-nio-1701-exec-3] INFO  cn.lbcmmszdntnt.redis.RedisCache - 存入 Redis	[wxCommonQRCodeKey]-[media/common/d61566bc53e84329950523e53af53f1e.png]，超时时间:[64  DAYS]
2024-09-11 18:23:22 [http-nio-1701-exec-3] INFO  cn.lbcmmszdntnt.redis.RedisLock - 释放锁 okrCommonQRCodeLock
2024-09-11 18:23:22 [http-nio-1701-exec-9] INFO  c.l.u.t.local.ThreadLocalMapUtil - http-nio-1701-exec-9 设置本地线程资源 [exceptionMessage.用户登录凭据无效]
2024-09-11 18:23:22 [http-nio-1701-exec-6] INFO  c.l.u.t.local.ThreadLocalMapUtil - http-nio-1701-exec-6 设置本地线程资源 [exceptionMessage.用户登录凭据无效]
2024-09-11 18:25:55 [http-nio-1701-exec-8] INFO  c.l.u.t.local.ThreadLocalMapUtil - http-nio-1701-exec-8 设置本地线程资源 [exceptionMessage.用户登录凭据无效]
2024-09-11 18:25:55 [http-nio-1701-exec-10] INFO  c.l.u.t.local.ThreadLocalMapUtil - http-nio-1701-exec-10 设置本地线程资源 [exceptionMessage.用户登录凭据无效]
2024-09-11 18:25:55 [http-nio-1701-exec-4] INFO  c.l.u.t.local.ThreadLocalMapUtil - http-nio-1701-exec-4 设置本地线程资源 [exceptionMessage.用户登录凭据无效]
2024-09-11 18:25:55 [http-nio-1701-exec-1] INFO  c.l.u.t.local.ThreadLocalMapUtil - http-nio-1701-exec-1 设置本地线程资源 [exceptionMessage.用户登录凭据无效]
2024-09-11 18:25:55 [http-nio-1701-exec-10] INFO  c.l.u.t.local.ThreadLocalMapUtil - http-nio-1701-exec-10 设置本地线程资源 [exceptionMessage.用户登录凭据无效]
2024-09-11 18:25:55 [http-nio-1701-exec-2] INFO  c.l.u.t.local.ThreadLocalMapUtil - http-nio-1701-exec-2 设置本地线程资源 [exceptionMessage.用户登录凭据无效]
2024-09-11 18:25:55 [http-nio-1701-exec-9] INFO  c.l.u.t.local.ThreadLocalMapUtil - http-nio-1701-exec-9 设置本地线程资源 [exceptionMessage.用户登录凭据无效]
2024-09-11 18:25:55 [http-nio-1701-exec-6] INFO  c.l.u.t.local.ThreadLocalMapUtil - http-nio-1701-exec-6 设置本地线程资源 [exceptionMessage.用户登录凭据无效]
2024-09-11 18:25:55 [http-nio-1701-exec-5] INFO  c.l.u.t.local.ThreadLocalMapUtil - http-nio-1701-exec-5 设置本地线程资源 [exceptionMessage.用户登录凭据无效]
2024-09-11 18:25:57 [http-nio-1701-exec-7] INFO  c.l.u.t.local.ThreadLocalMapUtil - http-nio-1701-exec-7 设置本地线程资源 [exceptionMessage.用户登录凭据无效]
2024-09-11 18:39:49 [Thread-6] INFO  com.xxl.job.core.server.EmbedServer - >>>>>>>>>>> xxl-job remoting server stop.
2024-09-11 18:39:49 [xxl-job, executor ExecutorRegistryThread] INFO  c.x.j.c.t.ExecutorRegistryThread - >>>>>>>>>>> xxl-job registry-remove success, registryParam:RegistryParam{registryGroup='EXECUTOR', registryKey='xxl-job-executor-sample', registryValue='http://127.0.0.1:9999/'}, registryResult:ReturnT [code=200, msg=null, content=null]
2024-09-11 18:39:49 [xxl-job, executor ExecutorRegistryThread] INFO  c.x.j.c.t.ExecutorRegistryThread - >>>>>>>>>>> xxl-job, executor registry thread destory.
2024-09-11 18:39:49 [SpringApplicationShutdownHook] INFO  com.xxl.job.core.server.EmbedServer - >>>>>>>>>>> xxl-job remoting server destroy success.
2024-09-11 18:39:49 [xxl-job, executor JobLogFileCleanThread] INFO  c.x.j.c.thread.JobLogFileCleanThread - >>>>>>>>>>> xxl-job, executor JobLogFileCleanThread thread destory.
2024-09-11 18:39:49 [xxl-job, executor TriggerCallbackThread] INFO  c.x.j.c.thread.TriggerCallbackThread - >>>>>>>>>>> xxl-job, executor callback thread destory.
2024-09-11 18:39:49 [Thread-5] INFO  c.x.j.c.thread.TriggerCallbackThread - >>>>>>>>>>> xxl-job, executor retry callback thread destory.
2024-09-11 18:39:49 [SpringApplicationShutdownHook] INFO  com.zaxxer.hikari.HikariDataSource - HikariPool-1 - Shutdown initiated...
2024-09-11 18:39:49 [SpringApplicationShutdownHook] INFO  com.zaxxer.hikari.HikariDataSource - HikariPool-1 - Shutdown completed.
