2024-09-10 11:44:20 [background-preinit] INFO  o.h.validator.internal.util.Version - HV000001: Hibernate Validator 8.0.1.Final
2024-09-10 11:44:20 [main] INFO  c.lbcmmszdntnt.OkrSystemApplication - Starting OkrSystemApplication using Java 21.0.1 with PID 18464 (D:\javawork\OKR-System\target\classes started by 马拉圈 in D:\javawork\OKR-System)
2024-09-10 11:44:20 [main] INFO  c.lbcmmszdntnt.OkrSystemApplication - The following 1 profile is active: "dev"
2024-09-10 11:44:21 [main] INFO  o.a.coyote.http11.Http11NioProtocol - Initializing ProtocolHandler ["http-nio-9001"]
2024-09-10 11:44:21 [main] INFO  o.a.catalina.core.StandardService - Starting service [Tomcat]
2024-09-10 11:44:21 [main] INFO  o.a.catalina.core.StandardEngine - Starting Servlet engine: [Apache Tomcat/10.1.28]
2024-09-10 11:44:21 [main] INFO  o.a.c.c.C.[Tomcat].[localhost].[/] - Initializing Spring embedded WebApplicationContext
2024-09-10 11:44:22 [main] INFO  o.a.coyote.http11.Http11NioProtocol - Starting ProtocolHandler ["http-nio-9001"]
2024-09-10 11:44:35 [background-preinit] INFO  o.h.validator.internal.util.Version - HV000001: Hibernate Validator 8.0.1.Final
2024-09-10 11:44:35 [main] INFO  c.lbcmmszdntnt.OkrSystemApplication - Starting OkrSystemApplication using Java 21.0.1 with PID 26476 (D:\javawork\OKR-System\target\classes started by 马拉圈 in D:\javawork\OKR-System)
2024-09-10 11:44:35 [main] INFO  c.lbcmmszdntnt.OkrSystemApplication - The following 1 profile is active: "dev"
2024-09-10 11:44:36 [main] INFO  o.a.coyote.http11.Http11NioProtocol - Initializing ProtocolHandler ["http-nio-9002"]
2024-09-10 11:44:36 [main] INFO  o.a.catalina.core.StandardService - Starting service [Tomcat]
2024-09-10 11:44:36 [main] INFO  o.a.catalina.core.StandardEngine - Starting Servlet engine: [Apache Tomcat/10.1.28]
2024-09-10 11:44:36 [main] INFO  o.a.c.c.C.[Tomcat].[localhost].[/] - Initializing Spring embedded WebApplicationContext
2024-09-10 11:44:37 [main] INFO  o.a.coyote.http11.Http11NioProtocol - Starting ProtocolHandler ["http-nio-9002"]
2024-09-10 11:44:37 [main] INFO  c.lbcmmszdntnt.OkrSystemApplication - Started OkrSystemApplication in 2.084 seconds (process running for 2.598)
2024-09-10 11:45:49 [background-preinit] INFO  o.h.validator.internal.util.Version - HV000001: Hibernate Validator 8.0.1.Final
2024-09-10 11:45:49 [main] INFO  c.lbcmmszdntnt.OkrSystemApplication - Starting OkrSystemApplication using Java 21.0.1 with PID 31004 (D:\javawork\OKR-System\target\classes started by 马拉圈 in D:\javawork\OKR-System)
2024-09-10 11:45:49 [main] INFO  c.lbcmmszdntnt.OkrSystemApplication - The following 1 profile is active: "dev"
2024-09-10 11:45:50 [main] INFO  o.a.coyote.http11.Http11NioProtocol - Initializing ProtocolHandler ["http-nio-9002"]
2024-09-10 11:45:50 [main] INFO  o.a.catalina.core.StandardService - Starting service [Tomcat]
2024-09-10 11:45:50 [main] INFO  o.a.catalina.core.StandardEngine - Starting Servlet engine: [Apache Tomcat/10.1.28]
2024-09-10 11:45:50 [main] INFO  o.a.c.c.C.[Tomcat].[localhost].[/] - Initializing Spring embedded WebApplicationContext
2024-09-10 11:45:50 [main] INFO  o.a.coyote.http11.Http11NioProtocol - Starting ProtocolHandler ["http-nio-9002"]
2024-09-10 11:45:50 [main] INFO  c.lbcmmszdntnt.OkrSystemApplication - Started OkrSystemApplication in 2.134 seconds (process running for 2.68)
2024-09-10 11:46:55 [background-preinit] INFO  o.h.validator.internal.util.Version - HV000001: Hibernate Validator 8.0.1.Final
2024-09-10 11:46:55 [main] INFO  c.lbcmmszdntnt.OkrSystemApplication - Starting OkrSystemApplication using Java 21.0.1 with PID 31496 (D:\javawork\OKR-System\target\classes started by 马拉圈 in D:\javawork\OKR-System)
2024-09-10 11:46:55 [main] INFO  c.lbcmmszdntnt.OkrSystemApplication - The following 1 profile is active: "dev"
2024-09-10 11:46:56 [main] INFO  o.a.coyote.http11.Http11NioProtocol - Initializing ProtocolHandler ["http-nio-9002"]
2024-09-10 11:46:56 [main] INFO  o.a.catalina.core.StandardService - Starting service [Tomcat]
2024-09-10 11:46:56 [main] INFO  o.a.catalina.core.StandardEngine - Starting Servlet engine: [Apache Tomcat/10.1.28]
2024-09-10 11:46:56 [main] INFO  o.a.c.c.C.[Tomcat].[localhost].[/] - Initializing Spring embedded WebApplicationContext
2024-09-10 11:46:56 [main] INFO  o.a.coyote.http11.Http11NioProtocol - Starting ProtocolHandler ["http-nio-9002"]
2024-09-10 11:46:56 [main] INFO  c.lbcmmszdntnt.OkrSystemApplication - Started OkrSystemApplication in 2.121 seconds (process running for 2.628)
2024-09-10 11:47:36 [background-preinit] INFO  o.h.validator.internal.util.Version - HV000001: Hibernate Validator 8.0.1.Final
2024-09-10 11:47:36 [main] INFO  c.lbcmmszdntnt.OkrSystemApplication - Starting OkrSystemApplication using Java 21.0.1 with PID 28056 (D:\javawork\OKR-System\target\classes started by 马拉圈 in D:\javawork\OKR-System)
2024-09-10 11:47:36 [main] INFO  c.lbcmmszdntnt.OkrSystemApplication - The following 1 profile is active: "dev"
2024-09-10 11:47:37 [main] INFO  o.a.coyote.http11.Http11NioProtocol - Initializing ProtocolHandler ["http-nio-9002"]
2024-09-10 11:47:37 [main] INFO  o.a.catalina.core.StandardService - Starting service [Tomcat]
2024-09-10 11:47:37 [main] INFO  o.a.catalina.core.StandardEngine - Starting Servlet engine: [Apache Tomcat/10.1.28]
2024-09-10 11:47:37 [main] INFO  o.a.c.c.C.[Tomcat].[localhost].[/] - Initializing Spring embedded WebApplicationContext
2024-09-10 11:47:37 [main] INFO  o.a.coyote.http11.Http11NioProtocol - Starting ProtocolHandler ["http-nio-9002"]
2024-09-10 11:47:37 [main] INFO  c.lbcmmszdntnt.OkrSystemApplication - Started OkrSystemApplication in 2.095 seconds (process running for 2.629)
2024-09-10 12:22:07 [background-preinit] INFO  o.h.validator.internal.util.Version - HV000001: Hibernate Validator 8.0.1.Final
2024-09-10 12:22:07 [main] INFO  c.l.OkrSystemApplicationTests - Starting OkrSystemApplicationTests using Java 21.0.1 with PID 13540 (started by 马拉圈 in D:\javawork\OKR-System)
2024-09-10 12:22:07 [main] INFO  c.l.OkrSystemApplicationTests - The following 1 profile is active: "dev"
2024-09-10 12:22:09 [main] INFO  c.l.OkrSystemApplicationTests - Started OkrSystemApplicationTests in 2.969 seconds (process running for 3.879)
2024-09-10 18:44:27 [background-preinit] INFO  o.h.validator.internal.util.Version - HV000001: Hibernate Validator 8.0.1.Final
2024-09-10 18:44:27 [main] INFO  c.lbcmmszdntnt.OkrSystemApplication - Starting OkrSystemApplication using Java 21.0.1 with PID 12888 (D:\javawork\OKR-System\target\classes started by 马拉圈 in D:\javawork\OKR-System)
2024-09-10 18:44:27 [main] INFO  c.lbcmmszdntnt.OkrSystemApplication - The following 1 profile is active: "dev"
2024-09-10 18:48:03 [background-preinit] INFO  o.h.validator.internal.util.Version - HV000001: Hibernate Validator 8.0.1.Final
2024-09-10 18:48:03 [main] INFO  c.lbcmmszdntnt.OkrSystemApplication - Starting OkrSystemApplication using Java 21.0.1 with PID 31344 (D:\javawork\OKR-System\target\classes started by 马拉圈 in D:\javawork\OKR-System)
2024-09-10 18:48:03 [main] INFO  c.lbcmmszdntnt.OkrSystemApplication - The following 1 profile is active: "dev"
